[2026-03-27T14:21:29.194Z] INFO: POST /auth/register
[2026-03-27T14:21:44.641Z] INFO: POST /auth/login
[2026-04-13T03:35:38.229Z] INFO: POST /auth/register
[2026-04-13T03:35:38.374Z] INFO: POST /auth/register
[2026-04-13T03:35:38.375Z] INFO: POST /auth/register
[2026-04-13T03:35:38.383Z] ERROR: User with this email already exists - Error: User with this email already exists
    at registerUser (/Users/dammy/Open Source Project/booking-backend/src/use-cases/auth/RegisterUser.ts:16:11)
    at processTicksAndRejections (node:internal/process/task_queues:105:5)
    at /Users/dammy/Open Source Project/booking-backend/src/ports/rest/routes/authRoutes.ts:14:20
[2026-04-13T03:35:38.388Z] INFO: POST /auth/login
[2026-04-13T03:35:38.464Z] INFO: POST /auth/login
[2026-04-13T03:35:38.537Z] ERROR: Invalid email or password - Error: Invalid email or password
    at loginUser (/Users/dammy/Open Source Project/booking-backend/src/use-cases/auth/LoginUser.ts:22:11)
    at /Users/dammy/Open Source Project/booking-backend/src/ports/rest/routes/authRoutes.ts:28:20
[2026-04-13T03:35:38.539Z] INFO: POST /auth/login
[2026-04-13T03:37:27.528Z] INFO: POST /auth/register
[2026-04-13T03:37:27.688Z] INFO: POST /auth/register
[2026-04-13T03:37:27.690Z] INFO: POST /auth/register
[2026-04-13T03:37:27.698Z] ERROR: User with this email already exists - Error: User with this email already exists
    at registerUser (/Users/dammy/Open Source Project/booking-backend/src/use-cases/auth/RegisterUser.ts:16:11)
    at processTicksAndRejections (node:internal/process/task_queues:105:5)
    at /Users/dammy/Open Source Project/booking-backend/src/ports/rest/routes/authRoutes.ts:14:20
[2026-04-13T03:37:27.703Z] INFO: POST /auth/register
[2026-04-13T03:37:27.705Z] INFO: POST /auth/login
[2026-04-13T03:37:27.781Z] INFO: POST /auth/login
[2026-04-13T03:37:27.854Z] ERROR: Invalid email or password - UnauthorizedError: Invalid email or password
    at loginUser (/Users/dammy/Open Source Project/booking-backend/src/use-cases/auth/LoginUser.ts:21:11)
    at /Users/dammy/Open Source Project/booking-backend/src/ports/rest/routes/authRoutes.ts:28:20
[2026-04-13T03:37:27.856Z] INFO: POST /auth/login
[2026-04-13T03:37:27.857Z] INFO: POST /auth/login
[2026-04-13T03:37:27.858Z] ERROR: Invalid email or password - UnauthorizedError: Invalid email or password
    at loginUser (/Users/dammy/Open Source Project/booking-backend/src/use-cases/auth/LoginUser.ts:16:11)
    at processTicksAndRejections (node:internal/process/task_queues:105:5)
    at /Users/dammy/Open Source Project/booking-backend/src/ports/rest/routes/authRoutes.ts:28:20
[2026-04-13T03:37:27.859Z] INFO: GET /
[2026-04-13T03:39:25.491Z] INFO: POST /auth/register
[2026-04-13T03:39:25.776Z] INFO: POST /auth/register
[2026-04-13T03:39:25.779Z] INFO: POST /auth/register
[2026-04-13T03:39:25.789Z] ERROR: User with this email already exists - Error: User with this email already exists
    at registerUser (/Users/dammy/Open Source Project/booking-backend/src/use-cases/auth/RegisterUser.ts:16:11)
    at processTicksAndRejections (node:internal/process/task_queues:105:5)
    at /Users/dammy/Open Source Project/booking-backend/src/ports/rest/routes/authRoutes.ts:14:20
[2026-04-13T03:39:25.794Z] INFO: POST /auth/register
[2026-04-13T03:39:25.797Z] INFO: POST /auth/login
[2026-04-13T03:39:25.878Z] INFO: POST /auth/login
[2026-04-13T03:39:25.949Z] ERROR: Invalid email or password - UnauthorizedError: Invalid email or password
    at loginUser (/Users/dammy/Open Source Project/booking-backend/src/use-cases/auth/LoginUser.ts:21:11)
    at /Users/dammy/Open Source Project/booking-backend/src/ports/rest/routes/authRoutes.ts:28:20
[2026-04-13T03:39:25.951Z] INFO: POST /auth/login
[2026-04-13T03:39:25.952Z] INFO: POST /auth/login
[2026-04-13T03:39:25.953Z] ERROR: Invalid email or password - UnauthorizedError: Invalid email or password
    at loginUser (/Users/dammy/Open Source Project/booking-backend/src/use-cases/auth/LoginUser.ts:16:11)
    at processTicksAndRejections (node:internal/process/task_queues:105:5)
    at /Users/dammy/Open Source Project/booking-backend/src/ports/rest/routes/authRoutes.ts:28:20
[2026-04-13T03:39:25.954Z] INFO: GET /
[2026-04-13T03:41:19.742Z] INFO: POST /auth/register
[2026-04-13T03:41:19.863Z] INFO: POST /auth/register
[2026-04-13T03:41:19.865Z] INFO: POST /auth/register
[2026-04-13T03:41:19.871Z] ERROR: User with this email already exists - AppError: User with this email already exists
    at registerUser (/Users/dammy/Open Source Project/booking-backend/src/use-cases/auth/RegisterUser.ts:17:11)
    at processTicksAndRejections (node:internal/process/task_queues:105:5)
    at /Users/dammy/Open Source Project/booking-backend/src/ports/rest/routes/authRoutes.ts:14:20
[2026-04-13T03:41:19.873Z] INFO: POST /auth/register
[2026-04-13T03:41:19.875Z] INFO: POST /auth/login
[2026-04-13T03:41:19.948Z] INFO: POST /auth/login
[2026-04-13T03:41:20.019Z] ERROR: Invalid email or password - UnauthorizedError: Invalid email or password
    at loginUser (/Users/dammy/Open Source Project/booking-backend/src/use-cases/auth/LoginUser.ts:21:11)
    at /Users/dammy/Open Source Project/booking-backend/src/ports/rest/routes/authRoutes.ts:28:20
[2026-04-13T03:41:20.021Z] INFO: POST /auth/login
[2026-04-13T03:41:20.022Z] INFO: POST /auth/login
[2026-04-13T03:41:20.023Z] ERROR: Invalid email or password - UnauthorizedError: Invalid email or password
    at loginUser (/Users/dammy/Open Source Project/booking-backend/src/use-cases/auth/LoginUser.ts:16:11)
    at processTicksAndRejections (node:internal/process/task_queues:105:5)
    at /Users/dammy/Open Source Project/booking-backend/src/ports/rest/routes/authRoutes.ts:28:20
[2026-04-13T03:41:20.024Z] INFO: GET /
[2026-04-14T20:17:18.607Z] INFO: POST /auth/register
[2026-04-14T20:17:18.745Z] INFO: POST /auth/register
[2026-04-14T20:17:18.747Z] INFO: POST /auth/register
[2026-04-14T20:17:18.756Z] ERROR: User with this email already exists - AppError: User with this email already exists
    at registerUser (/Users/dammy/Open Source Project/booking-backend/src/use-cases/auth/RegisterUser.ts:17:11)
    at processTicksAndRejections (node:internal/process/task_queues:105:5)
    at /Users/dammy/Open Source Project/booking-backend/src/ports/rest/routes/authRoutes.ts:14:20
[2026-04-14T20:17:18.759Z] INFO: POST /auth/register
[2026-04-14T20:17:18.760Z] INFO: POST /auth/login
[2026-04-14T20:17:18.834Z] INFO: POST /auth/login
[2026-04-14T20:17:18.905Z] ERROR: Invalid email or password - UnauthorizedError: Invalid email or password
    at loginUser (/Users/dammy/Open Source Project/booking-backend/src/use-cases/auth/LoginUser.ts:21:11)
    at /Users/dammy/Open Source Project/booking-backend/src/ports/rest/routes/authRoutes.ts:28:20
[2026-04-14T20:17:18.909Z] INFO: POST /auth/login
[2026-04-14T20:17:18.910Z] INFO: POST /auth/login
[2026-04-14T20:17:18.911Z] ERROR: Invalid email or password - UnauthorizedError: Invalid email or password
    at loginUser (/Users/dammy/Open Source Project/booking-backend/src/use-cases/auth/LoginUser.ts:16:11)
    at processTicksAndRejections (node:internal/process/task_queues:105:5)
    at /Users/dammy/Open Source Project/booking-backend/src/ports/rest/routes/authRoutes.ts:28:20
[2026-04-14T20:17:18.912Z] INFO: GET /
[2026-04-14T20:28:59.113Z] INFO: POST /auth/register
[2026-04-14T20:28:59.236Z] INFO: POST /auth/register
[2026-04-14T20:28:59.238Z] INFO: POST /auth/register
[2026-04-14T20:28:59.250Z] INFO: POST /auth/register
[2026-04-14T20:28:59.252Z] INFO: POST /auth/login
[2026-04-14T20:28:59.326Z] INFO: POST /auth/login
[2026-04-14T20:28:59.408Z] INFO: POST /auth/login
[2026-04-14T20:28:59.410Z] INFO: POST /auth/login
[2026-04-14T20:28:59.413Z] INFO: GET /
[2026-04-14T20:30:14.050Z] INFO: POST /auth/register
[2026-04-14T20:30:14.165Z] INFO: POST /auth/register
[2026-04-14T20:30:14.168Z] INFO: POST /auth/register
[2026-04-14T20:30:14.179Z] INFO: POST /auth/register
[2026-04-14T20:30:14.182Z] INFO: POST /auth/login
[2026-04-14T20:30:14.255Z] INFO: POST /auth/login
[2026-04-14T20:30:14.329Z] INFO: POST /auth/login
[2026-04-14T20:30:14.331Z] INFO: POST /auth/login
[2026-04-14T20:30:14.334Z] INFO: GET /
[2026-04-14T20:31:09.127Z] INFO: POST /auth/register
[2026-04-14T20:31:09.269Z] INFO: POST /auth/register
[2026-04-14T20:31:09.272Z] INFO: POST /auth/register
[2026-04-14T20:31:09.276Z] INFO: POST /auth/register
[2026-04-14T20:31:09.278Z] INFO: POST /auth/login
[2026-04-14T20:31:09.352Z] INFO: POST /auth/login
[2026-04-14T20:31:09.428Z] INFO: POST /auth/login
[2026-04-14T20:31:09.430Z] INFO: POST /auth/login
[2026-04-14T20:31:09.433Z] INFO: GET /
[2026-04-14T20:33:07.175Z] INFO: POST /auth/register
[2026-04-14T20:33:07.294Z] INFO: POST /auth/register
[2026-04-14T20:33:07.296Z] INFO: POST /auth/register
[2026-04-14T20:33:07.300Z] INFO: POST /auth/register
[2026-04-14T20:33:07.303Z] INFO: POST /auth/login
[2026-04-14T20:33:07.379Z] INFO: POST /auth/login
[2026-04-14T20:33:07.454Z] INFO: POST /auth/login
[2026-04-14T20:33:07.456Z] INFO: POST /auth/login
[2026-04-14T20:33:07.460Z] INFO: GET /
[2026-04-14T20:39:52.969Z] INFO: POST /auth/register
[2026-04-14T20:39:53.098Z] INFO: POST /auth/register
[2026-04-14T20:39:53.100Z] INFO: POST /auth/register
[2026-04-14T20:39:53.105Z] INFO: POST /auth/register
[2026-04-14T20:39:53.107Z] INFO: POST /auth/login
[2026-04-14T20:39:53.181Z] INFO: POST /auth/login
[2026-04-14T20:39:53.262Z] INFO: POST /auth/login
[2026-04-14T20:39:53.264Z] INFO: POST /auth/login
[2026-04-14T20:39:53.267Z] INFO: GET /
[2026-04-14T20:48:57.565Z] INFO: POST /auth/register
[2026-04-14T20:48:57.692Z] INFO: POST /auth/register
[2026-04-14T20:48:57.694Z] INFO: POST /auth/register
[2026-04-14T20:48:57.698Z] INFO: POST /auth/register
[2026-04-14T20:48:57.701Z] INFO: POST /auth/login
[2026-04-14T20:48:57.776Z] INFO: POST /auth/login
[2026-04-14T20:48:57.848Z] INFO: POST /auth/login
[2026-04-14T20:48:57.850Z] INFO: POST /auth/login
[2026-04-14T20:48:57.853Z] INFO: GET /
[2026-04-16T19:31:22.329Z] INFO: POST /auth/register
[2026-04-16T19:31:22.473Z] INFO: POST /auth/register
[2026-04-16T19:31:22.475Z] INFO: POST /auth/register
[2026-04-16T19:31:22.482Z] INFO: POST /auth/register
[2026-04-16T19:31:22.484Z] INFO: POST /auth/login
[2026-04-16T19:31:22.557Z] INFO: POST /auth/login
[2026-04-16T19:31:22.629Z] INFO: POST /auth/login
[2026-04-16T19:31:22.631Z] INFO: POST /auth/login
[2026-04-16T19:31:22.633Z] INFO: GET /
[2026-04-16T20:49:01.864Z] INFO: POST /auth/register
[2026-04-16T20:49:01.992Z] INFO: POST /auth/register
[2026-04-16T20:49:01.994Z] INFO: POST /auth/register
[2026-04-16T20:49:02.001Z] INFO: POST /auth/register
[2026-04-16T20:49:02.002Z] INFO: POST /auth/login
[2026-04-16T20:49:02.075Z] INFO: POST /auth/login
[2026-04-16T20:49:02.147Z] INFO: POST /auth/login
[2026-04-16T20:49:02.149Z] INFO: POST /auth/login
[2026-04-16T20:49:02.152Z] INFO: GET /
[2026-04-16T20:52:06.536Z] INFO: GET /
[2026-04-16T20:52:06.765Z] INFO: GET /favicon.ico
[2026-04-16T20:53:50.752Z] INFO: POST /auth/register
[2026-04-16T20:53:59.908Z] INFO: POST /auth/login
[2026-04-16T20:54:09.000Z] INFO: POST /timeslots
[2026-04-16T20:54:19.461Z] INFO: POST /bookings
[2026-04-16T20:54:31.386Z] INFO: PATCH /bookings/BOOKING_ID/status
[2026-04-16T20:55:13.060Z] INFO: POST /timeslots
[2026-04-16T20:55:21.579Z] INFO: POST /bookings
[2026-04-16T20:55:44.252Z] INFO: PATCH /bookings/69e14cb90bc3a5868b88de97/status
[2026-04-16T20:56:21.310Z] INFO: POST /auth/register
[2026-04-16T20:56:26.930Z] INFO: POST /auth/login
[2026-04-16T20:56:54.260Z] INFO: POST /auth/login
[2026-04-24T01:12:53.873Z] INFO: POST /auth/register
[2026-04-24T01:12:53.912Z] INFO: POST /auth/register
[2026-04-24T01:12:53.913Z] INFO: POST /auth/register
[2026-04-24T01:12:53.916Z] INFO: POST /auth/register
[2026-04-24T01:12:53.918Z] INFO: POST /auth/login
[2026-04-24T01:12:53.998Z] INFO: POST /auth/login
[2026-04-24T01:12:54.069Z] INFO: POST /auth/login
[2026-04-24T01:12:54.071Z] INFO: POST /auth/login
[2026-04-24T01:12:54.073Z] INFO: GET /
[2026-04-24T01:14:15.804Z] INFO: POST /auth/register
[2026-04-24T01:14:15.918Z] INFO: POST /auth/register
[2026-04-24T01:14:15.920Z] INFO: POST /auth/register
[2026-04-24T01:14:15.924Z] INFO: POST /auth/register
[2026-04-24T01:14:15.926Z] INFO: POST /auth/login
[2026-04-24T01:14:15.999Z] INFO: POST /auth/login
[2026-04-24T01:14:16.070Z] INFO: POST /auth/login
[2026-04-24T01:14:16.072Z] INFO: POST /auth/login
[2026-04-24T01:14:16.074Z] INFO: GET /
[2026-04-24T01:17:11.944Z] INFO: POST /auth/register
[2026-04-24T01:17:52.395Z] INFO: POST /auth/login
[2026-04-24T01:19:50.060Z] INFO: POST /timeslots
[2026-04-24T01:21:09.857Z] INFO: POST /timeslots
[2026-04-24T01:21:59.215Z] INFO: POST /bookings
[2026-04-24T01:23:33.482Z] INFO: PATCH /bookings/PUT_BOOKING_ID_HERE/status
[2026-04-24T01:23:50.062Z] INFO: PATCH /bookings/PUT_BOOKING_ID_HERE/status
[2026-04-24T01:23:50.930Z] INFO: PATCH /bookings/PUT_BOOKING_ID_HERE/status
[2026-04-24T01:24:09.543Z] INFO: PATCH /bookings/69eac5b7c1798396e184abe6/status
[2026-04-24T01:24:12.362Z] INFO: PATCH /bookings/69eac5b7c1798396e184abe6/status
[2026-04-24T01:24:28.792Z] INFO: PATCH /bookings/69eac5b7c1798396e184abe6/status
[2026-04-24T01:33:04.932Z] INFO: POST /auth/register
[2026-04-24T01:33:26.819Z] INFO: POST /auth/login
[2026-04-24T01:34:27.452Z] INFO: POST /timeslots
[2026-04-24T01:35:47.487Z] INFO: POST /timeslots
[2026-04-24T01:35:48.201Z] INFO: POST /timeslots
[2026-04-24T01:36:23.743Z] INFO: POST /timeslots
[2026-04-24T01:37:03.775Z] INFO: POST /timeslots
[2026-04-24T01:38:34.362Z] INFO: POST /bookings
[2026-04-24T01:39:12.163Z] INFO: PATCH /bookings/69eac99accf4616c57d00e1f/status
[2026-04-24T01:39:15.292Z] INFO: PATCH /bookings/69eac99accf4616c57d00e1f/status
[2026-04-24T01:40:16.826Z] INFO: POST /auth/login
[2026-04-24T01:40:56.479Z] INFO: PATCH /bookings/69eac99accf4616c57d00e1f/status
[2026-04-24T01:42:13.714Z] INFO: PATCH /bookings/69eac99accf4616c57d00e1f/status
[2026-04-24T01:42:29.373Z] INFO: GET /bookings
[2026-04-24T01:42:38.129Z] INFO: GET /timeslots
[2026-04-24T01:43:09.161Z] INFO: GET /bookings
[2026-04-24T01:44:12.168Z] INFO: POST /bookings
[2026-04-24T01:44:51.517Z] INFO: POST /timeslots
[2026-04-24T01:44:53.418Z] INFO: POST /timeslots
[2026-04-24T01:44:59.186Z] INFO: POST /timeslots
[2026-04-24T01:45:19.482Z] INFO: POST /bookings
